<?xml version="1.0" encoding="UTF-8"?>
<!-- Generated by org.testng.reporters.JUnitReportReporter -->
<testsuite skipped="0" hostname="Prakat-L-032" name="rest_in_testing.RestApiTest1" tests="1" failures="0" timestamp="12 Oct 2017 12:27:19 GMT" time="0.055" errors="0">
  <testcase name="userName" time="0.055" classname="rest_in_testing.RestApiTest1"/>
</testsuite> <!-- rest_in_testing.RestApiTest1 -->
